2023-06-22 22:55:35.086 [main] INFO  com.oo.LearningSystemApplication - Starting LearningSystemApplication using Java 1.8.0_382 on LAPTOP-VU220SLT with PID 2152 (D:\git\object-oriented\code\learning system\target\classes started by baijin in D:\git\object-oriented\code\learning system)
2023-06-22 22:55:35.092 [main] INFO  com.oo.LearningSystemApplication - No active profile set, falling back to 1 default profile: "default"
2023-06-22 22:55:36.599 [main] INFO  o.s.boot.web.embedded.tomcat.TomcatWebServer - Tomcat initialized with port(s): 9090 (http)
2023-06-22 22:55:36.607 [main] INFO  org.apache.coyote.http11.Http11NioProtocol - Initializing ProtocolHandler ["http-nio-9090"]
2023-06-22 22:55:36.608 [main] INFO  org.apache.catalina.core.StandardService - Starting service [Tomcat]
2023-06-22 22:55:36.608 [main] INFO  org.apache.catalina.core.StandardEngine - Starting Servlet engine: [Apache Tomcat/9.0.68]
2023-06-22 22:55:36.731 [main] INFO  o.a.c.core.ContainerBase.[Tomcat].[localhost].[/] - Initializing Spring embedded WebApplicationContext
2023-06-22 22:55:36.731 [main] INFO  o.s.b.w.s.c.ServletWebServerApplicationContext - Root WebApplicationContext: initialization completed in 1554 ms
2023-06-22 22:55:38.293 [main] INFO  o.s.b.a.web.servlet.WelcomePageHandlerMapping - Adding welcome page: class path resource [static/index.html]
2023-06-22 22:55:38.545 [main] INFO  org.apache.coyote.http11.Http11NioProtocol - Starting ProtocolHandler ["http-nio-9090"]
2023-06-22 22:55:38.565 [main] INFO  o.s.boot.web.embedded.tomcat.TomcatWebServer - Tomcat started on port(s): 9090 (http) with context path ''
2023-06-22 22:55:38.581 [main] INFO  com.oo.LearningSystemApplication - Started LearningSystemApplication in 4.23 seconds (JVM running for 5.095)
2023-06-22 22:56:20.692 [http-nio-9090-exec-1] INFO  o.a.c.core.ContainerBase.[Tomcat].[localhost].[/] - Initializing Spring DispatcherServlet 'dispatcherServlet'
2023-06-22 22:56:20.692 [http-nio-9090-exec-1] INFO  org.springframework.web.servlet.DispatcherServlet - Initializing Servlet 'dispatcherServlet'
2023-06-22 22:56:20.694 [http-nio-9090-exec-1] INFO  org.springframework.web.servlet.DispatcherServlet - Completed initialization in 1 ms
2023-06-22 22:56:20.794 [http-nio-9090-exec-1] INFO  com.alibaba.druid.pool.DruidDataSource - {dataSource-1} inited
2023-06-22 23:09:28.084 [SpringApplicationShutdownHook] INFO  com.alibaba.druid.pool.DruidDataSource - {dataSource-1} closing ...
2023-06-22 23:09:38.101 [SpringApplicationShutdownHook] INFO  com.alibaba.druid.pool.DruidDataSource - {dataSource-1} closed
2023-06-22 23:09:40.765 [main] INFO  com.oo.LearningSystemApplication - Starting LearningSystemApplication using Java 1.8.0_382 on LAPTOP-VU220SLT with PID 2208 (D:\git\object-oriented\code\learning system\target\classes started by baijin in D:\git\object-oriented\code\learning system)
2023-06-22 23:09:40.769 [main] INFO  com.oo.LearningSystemApplication - No active profile set, falling back to 1 default profile: "default"
2023-06-22 23:09:41.818 [main] INFO  o.s.boot.web.embedded.tomcat.TomcatWebServer - Tomcat initialized with port(s): 9090 (http)
2023-06-22 23:09:41.829 [main] INFO  org.apache.coyote.http11.Http11NioProtocol - Initializing ProtocolHandler ["http-nio-9090"]
2023-06-22 23:09:41.830 [main] INFO  org.apache.catalina.core.StandardService - Starting service [Tomcat]
2023-06-22 23:09:41.830 [main] INFO  org.apache.catalina.core.StandardEngine - Starting Servlet engine: [Apache Tomcat/9.0.68]
2023-06-22 23:09:41.912 [main] INFO  o.a.c.core.ContainerBase.[Tomcat].[localhost].[/] - Initializing Spring embedded WebApplicationContext
2023-06-22 23:09:41.912 [main] INFO  o.s.b.w.s.c.ServletWebServerApplicationContext - Root WebApplicationContext: initialization completed in 1090 ms
2023-06-22 23:09:43.073 [main] INFO  o.s.b.a.web.servlet.WelcomePageHandlerMapping - Adding welcome page: class path resource [static/index.html]
2023-06-22 23:09:43.211 [main] INFO  org.apache.coyote.http11.Http11NioProtocol - Starting ProtocolHandler ["http-nio-9090"]
2023-06-22 23:09:43.221 [main] INFO  o.s.boot.web.embedded.tomcat.TomcatWebServer - Tomcat started on port(s): 9090 (http) with context path ''
2023-06-22 23:09:43.231 [main] INFO  com.oo.LearningSystemApplication - Started LearningSystemApplication in 2.996 seconds (JVM running for 3.744)
2023-06-22 23:09:54.228 [http-nio-9090-exec-2] INFO  o.a.c.core.ContainerBase.[Tomcat].[localhost].[/] - Initializing Spring DispatcherServlet 'dispatcherServlet'
2023-06-22 23:09:54.228 [http-nio-9090-exec-2] INFO  org.springframework.web.servlet.DispatcherServlet - Initializing Servlet 'dispatcherServlet'
2023-06-22 23:09:54.229 [http-nio-9090-exec-2] INFO  org.springframework.web.servlet.DispatcherServlet - Completed initialization in 1 ms
2023-06-22 23:09:54.310 [http-nio-9090-exec-2] INFO  com.alibaba.druid.pool.DruidDataSource - {dataSource-1} inited
2023-06-22 23:13:49.871 [SpringApplicationShutdownHook] INFO  com.alibaba.druid.pool.DruidDataSource - {dataSource-1} closing ...
2023-06-22 23:13:49.881 [SpringApplicationShutdownHook] INFO  com.alibaba.druid.pool.DruidDataSource - {dataSource-1} closed
2023-06-22 23:15:03.760 [main] INFO  com.oo.LearningSystemApplication - Starting LearningSystemApplication using Java 1.8.0_382 on LAPTOP-VU220SLT with PID 2444 (D:\git\object-oriented\code\learning system\target\classes started by baijin in D:\git\object-oriented\code\learning system)
2023-06-22 23:15:03.764 [main] INFO  com.oo.LearningSystemApplication - No active profile set, falling back to 1 default profile: "default"
2023-06-22 23:15:04.833 [main] INFO  o.s.boot.web.embedded.tomcat.TomcatWebServer - Tomcat initialized with port(s): 9090 (http)
2023-06-22 23:15:04.839 [main] INFO  org.apache.coyote.http11.Http11NioProtocol - Initializing ProtocolHandler ["http-nio-9090"]
2023-06-22 23:15:04.839 [main] INFO  org.apache.catalina.core.StandardService - Starting service [Tomcat]
2023-06-22 23:15:04.839 [main] INFO  org.apache.catalina.core.StandardEngine - Starting Servlet engine: [Apache Tomcat/9.0.68]
2023-06-22 23:15:04.924 [main] INFO  o.a.c.core.ContainerBase.[Tomcat].[localhost].[/] - Initializing Spring embedded WebApplicationContext
2023-06-22 23:15:04.924 [main] INFO  o.s.b.w.s.c.ServletWebServerApplicationContext - Root WebApplicationContext: initialization completed in 1107 ms
2023-06-22 23:15:06.167 [main] INFO  o.s.b.a.web.servlet.WelcomePageHandlerMapping - Adding welcome page: class path resource [static/index.html]
2023-06-22 23:15:06.309 [main] INFO  org.apache.coyote.http11.Http11NioProtocol - Starting ProtocolHandler ["http-nio-9090"]
2023-06-22 23:15:06.320 [main] INFO  o.s.boot.web.embedded.tomcat.TomcatWebServer - Tomcat started on port(s): 9090 (http) with context path ''
2023-06-22 23:15:06.335 [main] INFO  com.oo.LearningSystemApplication - Started LearningSystemApplication in 3.125 seconds (JVM running for 3.826)
2023-06-22 23:15:19.792 [http-nio-9090-exec-2] INFO  o.a.c.core.ContainerBase.[Tomcat].[localhost].[/] - Initializing Spring DispatcherServlet 'dispatcherServlet'
2023-06-22 23:15:19.793 [http-nio-9090-exec-2] INFO  org.springframework.web.servlet.DispatcherServlet - Initializing Servlet 'dispatcherServlet'
2023-06-22 23:15:19.793 [http-nio-9090-exec-2] INFO  org.springframework.web.servlet.DispatcherServlet - Completed initialization in 0 ms
2023-06-22 23:15:19.878 [http-nio-9090-exec-2] INFO  com.alibaba.druid.pool.DruidDataSource - {dataSource-1} inited
2023-06-22 23:15:36.872 [SpringApplicationShutdownHook] INFO  com.alibaba.druid.pool.DruidDataSource - {dataSource-1} closing ...
2023-06-22 23:15:36.886 [SpringApplicationShutdownHook] INFO  com.alibaba.druid.pool.DruidDataSource - {dataSource-1} closed
2023-06-22 23:16:15.820 [main] INFO  com.oo.LearningSystemApplication - Starting LearningSystemApplication using Java 1.8.0_382 on LAPTOP-VU220SLT with PID 19812 (D:\git\object-oriented\code\learning system\target\classes started by baijin in D:\git\object-oriented\code\learning system)
2023-06-22 23:16:15.824 [main] INFO  com.oo.LearningSystemApplication - No active profile set, falling back to 1 default profile: "default"
2023-06-22 23:16:16.856 [main] INFO  o.s.boot.web.embedded.tomcat.TomcatWebServer - Tomcat initialized with port(s): 9090 (http)
2023-06-22 23:16:16.861 [main] INFO  org.apache.coyote.http11.Http11NioProtocol - Initializing ProtocolHandler ["http-nio-9090"]
2023-06-22 23:16:16.862 [main] INFO  org.apache.catalina.core.StandardService - Starting service [Tomcat]
2023-06-22 23:16:16.862 [main] INFO  org.apache.catalina.core.StandardEngine - Starting Servlet engine: [Apache Tomcat/9.0.68]
2023-06-22 23:16:16.945 [main] INFO  o.a.c.core.ContainerBase.[Tomcat].[localhost].[/] - Initializing Spring embedded WebApplicationContext
2023-06-22 23:16:16.945 [main] INFO  o.s.b.w.s.c.ServletWebServerApplicationContext - Root WebApplicationContext: initialization completed in 1066 ms
2023-06-22 23:16:18.133 [main] INFO  o.s.b.a.web.servlet.WelcomePageHandlerMapping - Adding welcome page: class path resource [static/index.html]
2023-06-22 23:16:18.273 [main] INFO  org.apache.coyote.http11.Http11NioProtocol - Starting ProtocolHandler ["http-nio-9090"]
2023-06-22 23:16:18.283 [main] INFO  o.s.boot.web.embedded.tomcat.TomcatWebServer - Tomcat started on port(s): 9090 (http) with context path ''
2023-06-22 23:16:18.295 [main] INFO  com.oo.LearningSystemApplication - Started LearningSystemApplication in 3.038 seconds (JVM running for 3.735)
2023-06-22 23:16:24.334 [http-nio-9090-exec-2] INFO  o.a.c.core.ContainerBase.[Tomcat].[localhost].[/] - Initializing Spring DispatcherServlet 'dispatcherServlet'
2023-06-22 23:16:24.335 [http-nio-9090-exec-2] INFO  org.springframework.web.servlet.DispatcherServlet - Initializing Servlet 'dispatcherServlet'
2023-06-22 23:16:24.335 [http-nio-9090-exec-2] INFO  org.springframework.web.servlet.DispatcherServlet - Completed initialization in 0 ms
2023-06-22 23:16:24.392 [http-nio-9090-exec-2] INFO  com.alibaba.druid.pool.DruidDataSource - {dataSource-1} inited
2023-06-22 23:18:47.786 [SpringApplicationShutdownHook] INFO  com.alibaba.druid.pool.DruidDataSource - {dataSource-1} closing ...
2023-06-22 23:18:47.797 [SpringApplicationShutdownHook] INFO  com.alibaba.druid.pool.DruidDataSource - {dataSource-1} closed
2023-06-22 23:18:58.077 [main] INFO  com.oo.LearningSystemApplication - Starting LearningSystemApplication using Java 1.8.0_382 on LAPTOP-VU220SLT with PID 17152 (D:\git\object-oriented\code\learning system\target\classes started by baijin in D:\git\object-oriented\code\learning system)
2023-06-22 23:18:58.080 [main] INFO  com.oo.LearningSystemApplication - No active profile set, falling back to 1 default profile: "default"
2023-06-22 23:18:59.121 [main] INFO  o.s.boot.web.embedded.tomcat.TomcatWebServer - Tomcat initialized with port(s): 9090 (http)
2023-06-22 23:18:59.127 [main] INFO  org.apache.coyote.http11.Http11NioProtocol - Initializing ProtocolHandler ["http-nio-9090"]
2023-06-22 23:18:59.127 [main] INFO  org.apache.catalina.core.StandardService - Starting service [Tomcat]
2023-06-22 23:18:59.128 [main] INFO  org.apache.catalina.core.StandardEngine - Starting Servlet engine: [Apache Tomcat/9.0.68]
2023-06-22 23:18:59.214 [main] INFO  o.a.c.core.ContainerBase.[Tomcat].[localhost].[/] - Initializing Spring embedded WebApplicationContext
2023-06-22 23:18:59.214 [main] INFO  o.s.b.w.s.c.ServletWebServerApplicationContext - Root WebApplicationContext: initialization completed in 1073 ms
2023-06-22 23:19:00.353 [main] INFO  o.s.b.a.web.servlet.WelcomePageHandlerMapping - Adding welcome page: class path resource [static/index.html]
2023-06-22 23:19:00.490 [main] INFO  org.apache.coyote.http11.Http11NioProtocol - Starting ProtocolHandler ["http-nio-9090"]
2023-06-22 23:19:00.502 [main] INFO  o.s.boot.web.embedded.tomcat.TomcatWebServer - Tomcat started on port(s): 9090 (http) with context path ''
2023-06-22 23:19:00.514 [main] INFO  com.oo.LearningSystemApplication - Started LearningSystemApplication in 3.01 seconds (JVM running for 3.709)
2023-06-22 23:19:05.439 [http-nio-9090-exec-3] INFO  o.a.c.core.ContainerBase.[Tomcat].[localhost].[/] - Initializing Spring DispatcherServlet 'dispatcherServlet'
2023-06-22 23:19:05.440 [http-nio-9090-exec-3] INFO  org.springframework.web.servlet.DispatcherServlet - Initializing Servlet 'dispatcherServlet'
2023-06-22 23:19:05.441 [http-nio-9090-exec-3] INFO  org.springframework.web.servlet.DispatcherServlet - Completed initialization in 1 ms
2023-06-22 23:19:05.503 [http-nio-9090-exec-3] INFO  com.alibaba.druid.pool.DruidDataSource - {dataSource-1} inited
2023-06-22 23:23:37.382 [SpringApplicationShutdownHook] INFO  com.alibaba.druid.pool.DruidDataSource - {dataSource-1} closing ...
2023-06-22 23:23:47.401 [SpringApplicationShutdownHook] INFO  com.alibaba.druid.pool.DruidDataSource - {dataSource-1} closed
2023-06-22 23:24:02.434 [main] INFO  com.oo.LearningSystemApplication - Starting LearningSystemApplication using Java 1.8.0_382 on LAPTOP-VU220SLT with PID 1488 (D:\git\object-oriented\code\learning system\target\classes started by baijin in D:\git\object-oriented\code\learning system)
2023-06-22 23:24:02.437 [main] INFO  com.oo.LearningSystemApplication - No active profile set, falling back to 1 default profile: "default"
2023-06-22 23:24:03.473 [main] INFO  o.s.boot.web.embedded.tomcat.TomcatWebServer - Tomcat initialized with port(s): 9090 (http)
2023-06-22 23:24:03.480 [main] INFO  org.apache.coyote.http11.Http11NioProtocol - Initializing ProtocolHandler ["http-nio-9090"]
2023-06-22 23:24:03.480 [main] INFO  org.apache.catalina.core.StandardService - Starting service [Tomcat]
2023-06-22 23:24:03.481 [main] INFO  org.apache.catalina.core.StandardEngine - Starting Servlet engine: [Apache Tomcat/9.0.68]
2023-06-22 23:24:03.566 [main] INFO  o.a.c.core.ContainerBase.[Tomcat].[localhost].[/] - Initializing Spring embedded WebApplicationContext
2023-06-22 23:24:03.566 [main] INFO  o.s.b.w.s.c.ServletWebServerApplicationContext - Root WebApplicationContext: initialization completed in 1073 ms
2023-06-22 23:24:04.728 [main] INFO  o.s.b.a.web.servlet.WelcomePageHandlerMapping - Adding welcome page: class path resource [static/index.html]
2023-06-22 23:24:04.858 [main] INFO  org.apache.coyote.http11.Http11NioProtocol - Starting ProtocolHandler ["http-nio-9090"]
2023-06-22 23:24:04.868 [main] INFO  o.s.boot.web.embedded.tomcat.TomcatWebServer - Tomcat started on port(s): 9090 (http) with context path ''
2023-06-22 23:24:04.880 [main] INFO  com.oo.LearningSystemApplication - Started LearningSystemApplication in 3.133 seconds (JVM running for 3.842)
2023-06-22 23:24:08.937 [http-nio-9090-exec-2] INFO  o.a.c.core.ContainerBase.[Tomcat].[localhost].[/] - Initializing Spring DispatcherServlet 'dispatcherServlet'
2023-06-22 23:24:08.937 [http-nio-9090-exec-2] INFO  org.springframework.web.servlet.DispatcherServlet - Initializing Servlet 'dispatcherServlet'
2023-06-22 23:24:08.938 [http-nio-9090-exec-2] INFO  org.springframework.web.servlet.DispatcherServlet - Completed initialization in 1 ms
2023-06-22 23:24:08.989 [http-nio-9090-exec-2] INFO  com.alibaba.druid.pool.DruidDataSource - {dataSource-1} inited
2023-06-22 23:24:50.887 [SpringApplicationShutdownHook] INFO  com.alibaba.druid.pool.DruidDataSource - {dataSource-1} closing ...
2023-06-22 23:24:50.898 [SpringApplicationShutdownHook] INFO  com.alibaba.druid.pool.DruidDataSource - {dataSource-1} closed
2023-06-22 23:24:59.287 [main] INFO  com.oo.LearningSystemApplication - Starting LearningSystemApplication using Java 1.8.0_382 on LAPTOP-VU220SLT with PID 3248 (D:\git\object-oriented\code\learning system\target\classes started by baijin in D:\git\object-oriented\code\learning system)
2023-06-22 23:24:59.292 [main] INFO  com.oo.LearningSystemApplication - No active profile set, falling back to 1 default profile: "default"
2023-06-22 23:25:00.697 [main] INFO  o.s.boot.web.embedded.tomcat.TomcatWebServer - Tomcat initialized with port(s): 9090 (http)
2023-06-22 23:25:00.705 [main] INFO  org.apache.coyote.http11.Http11NioProtocol - Initializing ProtocolHandler ["http-nio-9090"]
2023-06-22 23:25:00.705 [main] INFO  org.apache.catalina.core.StandardService - Starting service [Tomcat]
2023-06-22 23:25:00.705 [main] INFO  org.apache.catalina.core.StandardEngine - Starting Servlet engine: [Apache Tomcat/9.0.68]
2023-06-22 23:25:00.801 [main] INFO  o.a.c.core.ContainerBase.[Tomcat].[localhost].[/] - Initializing Spring embedded WebApplicationContext
2023-06-22 23:25:00.802 [main] INFO  o.s.b.w.s.c.ServletWebServerApplicationContext - Root WebApplicationContext: initialization completed in 1434 ms
2023-06-22 23:25:02.319 [main] INFO  o.s.b.a.web.servlet.WelcomePageHandlerMapping - Adding welcome page: class path resource [static/index.html]
2023-06-22 23:25:02.494 [main] INFO  org.apache.coyote.http11.Http11NioProtocol - Starting ProtocolHandler ["http-nio-9090"]
2023-06-22 23:25:02.511 [main] INFO  o.s.boot.web.embedded.tomcat.TomcatWebServer - Tomcat started on port(s): 9090 (http) with context path ''
2023-06-22 23:25:02.531 [main] INFO  com.oo.LearningSystemApplication - Started LearningSystemApplication in 3.977 seconds (JVM running for 4.375)
2023-06-22 23:25:06.306 [http-nio-9090-exec-2] INFO  o.a.c.core.ContainerBase.[Tomcat].[localhost].[/] - Initializing Spring DispatcherServlet 'dispatcherServlet'
2023-06-22 23:25:06.306 [http-nio-9090-exec-2] INFO  org.springframework.web.servlet.DispatcherServlet - Initializing Servlet 'dispatcherServlet'
2023-06-22 23:25:06.307 [http-nio-9090-exec-2] INFO  org.springframework.web.servlet.DispatcherServlet - Completed initialization in 1 ms
2023-06-22 23:25:06.432 [http-nio-9090-exec-2] INFO  com.alibaba.druid.pool.DruidDataSource - {dataSource-1} inited
2023-06-22 23:26:28.234 [SpringApplicationShutdownHook] INFO  com.alibaba.druid.pool.DruidDataSource - {dataSource-1} closing ...
2023-06-22 23:26:28.244 [SpringApplicationShutdownHook] INFO  com.alibaba.druid.pool.DruidDataSource - {dataSource-1} closed
2023-06-22 23:26:36.483 [main] INFO  com.oo.LearningSystemApplication - Starting LearningSystemApplication using Java 1.8.0_382 on LAPTOP-VU220SLT with PID 16464 (D:\git\object-oriented\code\learning system\target\classes started by baijin in D:\git\object-oriented\code\learning system)
2023-06-22 23:26:36.486 [main] INFO  com.oo.LearningSystemApplication - No active profile set, falling back to 1 default profile: "default"
2023-06-22 23:26:37.519 [main] INFO  o.s.boot.web.embedded.tomcat.TomcatWebServer - Tomcat initialized with port(s): 9090 (http)
2023-06-22 23:26:37.525 [main] INFO  org.apache.coyote.http11.Http11NioProtocol - Initializing ProtocolHandler ["http-nio-9090"]
2023-06-22 23:26:37.525 [main] INFO  org.apache.catalina.core.StandardService - Starting service [Tomcat]
2023-06-22 23:26:37.525 [main] INFO  org.apache.catalina.core.StandardEngine - Starting Servlet engine: [Apache Tomcat/9.0.68]
2023-06-22 23:26:37.609 [main] INFO  o.a.c.core.ContainerBase.[Tomcat].[localhost].[/] - Initializing Spring embedded WebApplicationContext
2023-06-22 23:26:37.609 [main] INFO  o.s.b.w.s.c.ServletWebServerApplicationContext - Root WebApplicationContext: initialization completed in 1070 ms
2023-06-22 23:26:38.784 [main] INFO  o.s.b.a.web.servlet.WelcomePageHandlerMapping - Adding welcome page: class path resource [static/index.html]
2023-06-22 23:26:38.935 [main] INFO  org.apache.coyote.http11.Http11NioProtocol - Starting ProtocolHandler ["http-nio-9090"]
2023-06-22 23:26:38.963 [main] INFO  o.s.boot.web.embedded.tomcat.TomcatWebServer - Tomcat started on port(s): 9090 (http) with context path ''
2023-06-22 23:26:38.979 [main] INFO  com.oo.LearningSystemApplication - Started LearningSystemApplication in 3.034 seconds (JVM running for 4.031)
2023-06-22 23:26:42.293 [http-nio-9090-exec-2] INFO  o.a.c.core.ContainerBase.[Tomcat].[localhost].[/] - Initializing Spring DispatcherServlet 'dispatcherServlet'
2023-06-22 23:26:42.293 [http-nio-9090-exec-2] INFO  org.springframework.web.servlet.DispatcherServlet - Initializing Servlet 'dispatcherServlet'
2023-06-22 23:26:42.294 [http-nio-9090-exec-2] INFO  org.springframework.web.servlet.DispatcherServlet - Completed initialization in 1 ms
2023-06-22 23:26:42.354 [http-nio-9090-exec-2] INFO  com.alibaba.druid.pool.DruidDataSource - {dataSource-1} inited
2023-06-22 23:34:43.471 [SpringApplicationShutdownHook] INFO  com.alibaba.druid.pool.DruidDataSource - {dataSource-1} closing ...
2023-06-22 23:34:53.487 [SpringApplicationShutdownHook] INFO  com.alibaba.druid.pool.DruidDataSource - {dataSource-1} closed
2023-06-22 23:34:57.591 [main] INFO  com.oo.LearningSystemApplication - Starting LearningSystemApplication using Java 1.8.0_382 on LAPTOP-VU220SLT with PID 13912 (D:\git\object-oriented\code\learning system\target\classes started by baijin in D:\git\object-oriented\code\learning system)
2023-06-22 23:34:57.594 [main] INFO  com.oo.LearningSystemApplication - No active profile set, falling back to 1 default profile: "default"
2023-06-22 23:34:58.576 [main] INFO  o.s.boot.web.embedded.tomcat.TomcatWebServer - Tomcat initialized with port(s): 9090 (http)
2023-06-22 23:34:58.582 [main] INFO  org.apache.coyote.http11.Http11NioProtocol - Initializing ProtocolHandler ["http-nio-9090"]
2023-06-22 23:34:58.583 [main] INFO  org.apache.catalina.core.StandardService - Starting service [Tomcat]
2023-06-22 23:34:58.583 [main] INFO  org.apache.catalina.core.StandardEngine - Starting Servlet engine: [Apache Tomcat/9.0.68]
2023-06-22 23:34:58.676 [main] INFO  o.a.c.core.ContainerBase.[Tomcat].[localhost].[/] - Initializing Spring embedded WebApplicationContext
2023-06-22 23:34:58.677 [main] INFO  o.s.b.w.s.c.ServletWebServerApplicationContext - Root WebApplicationContext: initialization completed in 1030 ms
2023-06-22 23:34:59.798 [main] INFO  o.s.b.a.web.servlet.WelcomePageHandlerMapping - Adding welcome page: class path resource [static/index.html]
2023-06-22 23:34:59.932 [main] INFO  org.apache.coyote.http11.Http11NioProtocol - Starting ProtocolHandler ["http-nio-9090"]
2023-06-22 23:34:59.942 [main] INFO  o.s.boot.web.embedded.tomcat.TomcatWebServer - Tomcat started on port(s): 9090 (http) with context path ''
2023-06-22 23:34:59.954 [main] INFO  com.oo.LearningSystemApplication - Started LearningSystemApplication in 2.859 seconds (JVM running for 3.786)
2023-06-22 23:35:03.506 [http-nio-9090-exec-2] INFO  o.a.c.core.ContainerBase.[Tomcat].[localhost].[/] - Initializing Spring DispatcherServlet 'dispatcherServlet'
2023-06-22 23:35:03.506 [http-nio-9090-exec-2] INFO  org.springframework.web.servlet.DispatcherServlet - Initializing Servlet 'dispatcherServlet'
2023-06-22 23:35:03.507 [http-nio-9090-exec-2] INFO  org.springframework.web.servlet.DispatcherServlet - Completed initialization in 1 ms
2023-06-22 23:35:03.566 [http-nio-9090-exec-2] INFO  com.alibaba.druid.pool.DruidDataSource - {dataSource-1} inited
