2023-05-26 16:20:19.214 [main] WARN  c.b.mybatisplus.core.metadata.TableInfoHelper - Can not find table primary key in Class: "com.oo.domain.PaperAnswer".
2023-05-26 16:20:19.299 [main] WARN  c.b.mybatisplus.core.metadata.TableInfoHelper - Can not find table primary key in Class: "com.oo.domain.Paper".
2023-05-26 16:20:19.330 [main] WARN  c.b.mybatisplus.core.metadata.TableInfoHelper - Can not find table primary key in Class: "com.oo.domain.PaperQuestion".
2023-05-26 16:20:19.356 [main] WARN  c.b.mybatisplus.core.metadata.TableInfoHelper - Can not find table primary key in Class: "com.oo.domain.Question".
2023-05-26 16:20:19.408 [main] WARN  c.b.mybatisplus.core.metadata.TableInfoHelper - Can not find table primary key in Class: "com.oo.domain.StudentPaper".
2023-05-26 16:35:09.738 [main] WARN  c.b.mybatisplus.core.metadata.TableInfoHelper - Can not find table primary key in Class: "com.oo.domain.PaperAnswer".
2023-05-26 16:35:09.812 [main] WARN  c.b.mybatisplus.core.metadata.TableInfoHelper - Can not find table primary key in Class: "com.oo.domain.Paper".
2023-05-26 16:35:09.837 [main] WARN  c.b.mybatisplus.core.metadata.TableInfoHelper - Can not find table primary key in Class: "com.oo.domain.PaperQuestion".
2023-05-26 16:35:09.858 [main] WARN  c.b.mybatisplus.core.metadata.TableInfoHelper - Can not find table primary key in Class: "com.oo.domain.Question".
2023-05-26 16:35:09.902 [main] WARN  c.b.mybatisplus.core.metadata.TableInfoHelper - Can not find table primary key in Class: "com.oo.domain.StudentPaper".
2023-05-26 16:41:19.655 [main] WARN  c.b.mybatisplus.core.metadata.TableInfoHelper - Can not find table primary key in Class: "com.oo.domain.PaperAnswer".
2023-05-26 16:41:19.721 [main] WARN  c.b.mybatisplus.core.metadata.TableInfoHelper - Can not find table primary key in Class: "com.oo.domain.Paper".
2023-05-26 16:41:19.743 [main] WARN  c.b.mybatisplus.core.metadata.TableInfoHelper - Can not find table primary key in Class: "com.oo.domain.PaperQuestion".
2023-05-26 16:41:19.762 [main] WARN  c.b.mybatisplus.core.metadata.TableInfoHelper - Can not find table primary key in Class: "com.oo.domain.Question".
2023-05-26 16:41:19.804 [main] WARN  c.b.mybatisplus.core.metadata.TableInfoHelper - Can not find table primary key in Class: "com.oo.domain.StudentPaper".
2023-05-26 16:58:41.416 [main] WARN  c.b.mybatisplus.core.metadata.TableInfoHelper - Can not find table primary key in Class: "com.oo.domain.PaperAnswer".
2023-05-26 16:58:41.497 [main] WARN  c.b.mybatisplus.core.metadata.TableInfoHelper - Can not find table primary key in Class: "com.oo.domain.Paper".
2023-05-26 16:58:41.538 [main] WARN  c.b.mybatisplus.core.metadata.TableInfoHelper - Can not find table primary key in Class: "com.oo.domain.PaperQuestion".
2023-05-26 16:58:41.563 [main] WARN  c.b.mybatisplus.core.metadata.TableInfoHelper - Can not find table primary key in Class: "com.oo.domain.Question".
2023-05-26 16:58:41.617 [main] WARN  c.b.mybatisplus.core.metadata.TableInfoHelper - Can not find table primary key in Class: "com.oo.domain.StudentPaper".
