2023-06-21 17:10:41.634 [main] DEBUG c.b.m.autoconfigure.MybatisPlusAutoConfiguration - Searching for mappers annotated with @Mapper
2023-06-21 17:10:41.638 [main] DEBUG c.b.m.autoconfigure.MybatisPlusAutoConfiguration - Using auto-configuration base package 'com.oo'
2023-06-21 17:10:42.774 [main] DEBUG c.b.m.e.spring.MybatisSqlSessionFactoryBean - Registered plugin: 'com.baomidou.mybatisplus.extension.plugins.MybatisPlusInterceptor@5c82cd4f'
2023-06-21 17:10:42.905 [main] DEBUG com.baomidou.mybatisplus.core.MybatisConfiguration - addMappedStatement: com.oo.dao.PaperAnswerDao.insert
2023-06-21 17:10:42.911 [main] DEBUG com.baomidou.mybatisplus.core.MybatisConfiguration - addMappedStatement: com.oo.dao.PaperAnswerDao.delete
2023-06-21 17:10:42.914 [main] DEBUG com.baomidou.mybatisplus.core.MybatisConfiguration - addMappedStatement: com.oo.dao.PaperAnswerDao.deleteByMap
2023-06-21 17:10:42.940 [main] DEBUG com.baomidou.mybatisplus.core.MybatisConfiguration - addMappedStatement: com.oo.dao.PaperAnswerDao.deleteById
2023-06-21 17:10:42.942 [main] DEBUG com.baomidou.mybatisplus.core.MybatisConfiguration - addMappedStatement: com.oo.dao.PaperAnswerDao.deleteBatchIds
2023-06-21 17:10:42.946 [main] DEBUG com.baomidou.mybatisplus.core.MybatisConfiguration - addMappedStatement: com.oo.dao.PaperAnswerDao.update
2023-06-21 17:10:42.948 [main] DEBUG com.baomidou.mybatisplus.core.MybatisConfiguration - addMappedStatement: com.oo.dao.PaperAnswerDao.updateById
2023-06-21 17:10:42.949 [main] DEBUG com.baomidou.mybatisplus.core.MybatisConfiguration - addMappedStatement: com.oo.dao.PaperAnswerDao.selectById
2023-06-21 17:10:42.950 [main] DEBUG com.baomidou.mybatisplus.core.MybatisConfiguration - addMappedStatement: com.oo.dao.PaperAnswerDao.selectBatchIds
2023-06-21 17:10:42.952 [main] DEBUG com.baomidou.mybatisplus.core.MybatisConfiguration - addMappedStatement: com.oo.dao.PaperAnswerDao.selectByMap
2023-06-21 17:10:42.955 [main] DEBUG com.baomidou.mybatisplus.core.MybatisConfiguration - addMappedStatement: com.oo.dao.PaperAnswerDao.selectOne
2023-06-21 17:10:42.957 [main] DEBUG com.baomidou.mybatisplus.core.MybatisConfiguration - addMappedStatement: com.oo.dao.PaperAnswerDao.selectCount
2023-06-21 17:10:42.959 [main] DEBUG com.baomidou.mybatisplus.core.MybatisConfiguration - addMappedStatement: com.oo.dao.PaperAnswerDao.selectMaps
2023-06-21 17:10:42.961 [main] DEBUG com.baomidou.mybatisplus.core.MybatisConfiguration - addMappedStatement: com.oo.dao.PaperAnswerDao.selectMapsPage
2023-06-21 17:10:42.963 [main] DEBUG com.baomidou.mybatisplus.core.MybatisConfiguration - addMappedStatement: com.oo.dao.PaperAnswerDao.selectObjs
2023-06-21 17:10:42.965 [main] DEBUG com.baomidou.mybatisplus.core.MybatisConfiguration - addMappedStatement: com.oo.dao.PaperAnswerDao.selectList
2023-06-21 17:10:42.967 [main] DEBUG com.baomidou.mybatisplus.core.MybatisConfiguration - addMappedStatement: com.oo.dao.PaperAnswerDao.selectPage
2023-06-21 17:10:42.968 [main] DEBUG c.b.m.e.spring.MybatisSqlSessionFactoryBean - Parsed mapper file: 'file [C:\Users\mango\Desktop\object-oriented\code\learning system\target\classes\mapper\PaperAnswerMapper.xml]'
2023-06-21 17:10:42.978 [main] DEBUG com.baomidou.mybatisplus.core.MybatisConfiguration - addMappedStatement: com.oo.dao.PaperGraphDao.insert
2023-06-21 17:10:42.981 [main] DEBUG com.baomidou.mybatisplus.core.MybatisConfiguration - addMappedStatement: com.oo.dao.PaperGraphDao.delete
2023-06-21 17:10:42.982 [main] DEBUG com.baomidou.mybatisplus.core.MybatisConfiguration - addMappedStatement: com.oo.dao.PaperGraphDao.deleteByMap
2023-06-21 17:10:42.984 [main] DEBUG com.baomidou.mybatisplus.core.MybatisConfiguration - addMappedStatement: com.oo.dao.PaperGraphDao.deleteById
2023-06-21 17:10:42.985 [main] DEBUG com.baomidou.mybatisplus.core.MybatisConfiguration - addMappedStatement: com.oo.dao.PaperGraphDao.deleteBatchIds
2023-06-21 17:10:42.987 [main] DEBUG com.baomidou.mybatisplus.core.MybatisConfiguration - addMappedStatement: com.oo.dao.PaperGraphDao.update
2023-06-21 17:10:42.989 [main] DEBUG com.baomidou.mybatisplus.core.MybatisConfiguration - addMappedStatement: com.oo.dao.PaperGraphDao.updateById
2023-06-21 17:10:42.990 [main] DEBUG com.baomidou.mybatisplus.core.MybatisConfiguration - addMappedStatement: com.oo.dao.PaperGraphDao.selectById
2023-06-21 17:10:42.991 [main] DEBUG com.baomidou.mybatisplus.core.MybatisConfiguration - addMappedStatement: com.oo.dao.PaperGraphDao.selectBatchIds
2023-06-21 17:10:42.992 [main] DEBUG com.baomidou.mybatisplus.core.MybatisConfiguration - addMappedStatement: com.oo.dao.PaperGraphDao.selectByMap
2023-06-21 17:10:42.994 [main] DEBUG com.baomidou.mybatisplus.core.MybatisConfiguration - addMappedStatement: com.oo.dao.PaperGraphDao.selectOne
2023-06-21 17:10:42.995 [main] DEBUG com.baomidou.mybatisplus.core.MybatisConfiguration - addMappedStatement: com.oo.dao.PaperGraphDao.selectCount
2023-06-21 17:10:42.997 [main] DEBUG com.baomidou.mybatisplus.core.MybatisConfiguration - addMappedStatement: com.oo.dao.PaperGraphDao.selectMaps
2023-06-21 17:10:42.998 [main] DEBUG com.baomidou.mybatisplus.core.MybatisConfiguration - addMappedStatement: com.oo.dao.PaperGraphDao.selectMapsPage
2023-06-21 17:10:42.999 [main] DEBUG com.baomidou.mybatisplus.core.MybatisConfiguration - addMappedStatement: com.oo.dao.PaperGraphDao.selectObjs
2023-06-21 17:10:43.000 [main] DEBUG com.baomidou.mybatisplus.core.MybatisConfiguration - addMappedStatement: com.oo.dao.PaperGraphDao.selectList
2023-06-21 17:10:43.001 [main] DEBUG com.baomidou.mybatisplus.core.MybatisConfiguration - addMappedStatement: com.oo.dao.PaperGraphDao.selectPage
2023-06-21 17:10:43.002 [main] DEBUG c.b.m.e.spring.MybatisSqlSessionFactoryBean - Parsed mapper file: 'file [C:\Users\mango\Desktop\object-oriented\code\learning system\target\classes\mapper\PaperGraphMapper.xml]'
2023-06-21 17:10:43.011 [main] DEBUG com.baomidou.mybatisplus.core.MybatisConfiguration - addMappedStatement: com.oo.dao.PaperDao.insert
2023-06-21 17:10:43.012 [main] DEBUG com.baomidou.mybatisplus.core.MybatisConfiguration - addMappedStatement: com.oo.dao.PaperDao.delete
2023-06-21 17:10:43.014 [main] DEBUG com.baomidou.mybatisplus.core.MybatisConfiguration - addMappedStatement: com.oo.dao.PaperDao.deleteByMap
2023-06-21 17:10:43.015 [main] DEBUG com.baomidou.mybatisplus.core.MybatisConfiguration - addMappedStatement: com.oo.dao.PaperDao.deleteById
2023-06-21 17:10:43.016 [main] DEBUG com.baomidou.mybatisplus.core.MybatisConfiguration - addMappedStatement: com.oo.dao.PaperDao.deleteBatchIds
2023-06-21 17:10:43.017 [main] DEBUG com.baomidou.mybatisplus.core.MybatisConfiguration - addMappedStatement: com.oo.dao.PaperDao.update
2023-06-21 17:10:43.018 [main] DEBUG com.baomidou.mybatisplus.core.MybatisConfiguration - addMappedStatement: com.oo.dao.PaperDao.updateById
2023-06-21 17:10:43.019 [main] DEBUG com.baomidou.mybatisplus.core.MybatisConfiguration - addMappedStatement: com.oo.dao.PaperDao.selectById
2023-06-21 17:10:43.020 [main] DEBUG com.baomidou.mybatisplus.core.MybatisConfiguration - addMappedStatement: com.oo.dao.PaperDao.selectBatchIds
2023-06-21 17:10:43.021 [main] DEBUG com.baomidou.mybatisplus.core.MybatisConfiguration - addMappedStatement: com.oo.dao.PaperDao.selectByMap
2023-06-21 17:10:43.022 [main] DEBUG com.baomidou.mybatisplus.core.MybatisConfiguration - addMappedStatement: com.oo.dao.PaperDao.selectOne
2023-06-21 17:10:43.023 [main] DEBUG com.baomidou.mybatisplus.core.MybatisConfiguration - addMappedStatement: com.oo.dao.PaperDao.selectCount
2023-06-21 17:10:43.024 [main] DEBUG com.baomidou.mybatisplus.core.MybatisConfiguration - addMappedStatement: com.oo.dao.PaperDao.selectMaps
2023-06-21 17:10:43.025 [main] DEBUG com.baomidou.mybatisplus.core.MybatisConfiguration - addMappedStatement: com.oo.dao.PaperDao.selectMapsPage
2023-06-21 17:10:43.027 [main] DEBUG com.baomidou.mybatisplus.core.MybatisConfiguration - addMappedStatement: com.oo.dao.PaperDao.selectObjs
2023-06-21 17:10:43.028 [main] DEBUG com.baomidou.mybatisplus.core.MybatisConfiguration - addMappedStatement: com.oo.dao.PaperDao.selectList
2023-06-21 17:10:43.029 [main] DEBUG com.baomidou.mybatisplus.core.MybatisConfiguration - addMappedStatement: com.oo.dao.PaperDao.selectPage
2023-06-21 17:10:43.030 [main] DEBUG c.b.m.e.spring.MybatisSqlSessionFactoryBean - Parsed mapper file: 'file [C:\Users\mango\Desktop\object-oriented\code\learning system\target\classes\mapper\PaperMapper.xml]'
2023-06-21 17:10:43.036 [main] DEBUG com.baomidou.mybatisplus.core.MybatisConfiguration - addMappedStatement: com.oo.dao.PaperQuestionDao.addBatch
2023-06-21 17:10:43.039 [main] DEBUG com.baomidou.mybatisplus.core.MybatisConfiguration - addMappedStatement: com.oo.dao.PaperQuestionDao.insert
2023-06-21 17:10:43.040 [main] DEBUG com.baomidou.mybatisplus.core.MybatisConfiguration - addMappedStatement: com.oo.dao.PaperQuestionDao.delete
2023-06-21 17:10:43.041 [main] DEBUG com.baomidou.mybatisplus.core.MybatisConfiguration - addMappedStatement: com.oo.dao.PaperQuestionDao.deleteByMap
2023-06-21 17:10:43.043 [main] DEBUG com.baomidou.mybatisplus.core.MybatisConfiguration - addMappedStatement: com.oo.dao.PaperQuestionDao.deleteById
2023-06-21 17:10:43.043 [main] DEBUG com.baomidou.mybatisplus.core.MybatisConfiguration - addMappedStatement: com.oo.dao.PaperQuestionDao.deleteBatchIds
2023-06-21 17:10:43.045 [main] DEBUG com.baomidou.mybatisplus.core.MybatisConfiguration - addMappedStatement: com.oo.dao.PaperQuestionDao.update
2023-06-21 17:10:43.046 [main] DEBUG com.baomidou.mybatisplus.core.MybatisConfiguration - addMappedStatement: com.oo.dao.PaperQuestionDao.updateById
2023-06-21 17:10:43.046 [main] DEBUG com.baomidou.mybatisplus.core.MybatisConfiguration - addMappedStatement: com.oo.dao.PaperQuestionDao.selectById
2023-06-21 17:10:43.047 [main] DEBUG com.baomidou.mybatisplus.core.MybatisConfiguration - addMappedStatement: com.oo.dao.PaperQuestionDao.selectBatchIds
2023-06-21 17:10:43.048 [main] DEBUG com.baomidou.mybatisplus.core.MybatisConfiguration - addMappedStatement: com.oo.dao.PaperQuestionDao.selectByMap
2023-06-21 17:10:43.049 [main] DEBUG com.baomidou.mybatisplus.core.MybatisConfiguration - addMappedStatement: com.oo.dao.PaperQuestionDao.selectOne
2023-06-21 17:10:43.051 [main] DEBUG com.baomidou.mybatisplus.core.MybatisConfiguration - addMappedStatement: com.oo.dao.PaperQuestionDao.selectCount
2023-06-21 17:10:43.052 [main] DEBUG com.baomidou.mybatisplus.core.MybatisConfiguration - addMappedStatement: com.oo.dao.PaperQuestionDao.selectMaps
2023-06-21 17:10:43.053 [main] DEBUG com.baomidou.mybatisplus.core.MybatisConfiguration - addMappedStatement: com.oo.dao.PaperQuestionDao.selectMapsPage
2023-06-21 17:10:43.054 [main] DEBUG com.baomidou.mybatisplus.core.MybatisConfiguration - addMappedStatement: com.oo.dao.PaperQuestionDao.selectObjs
2023-06-21 17:10:43.055 [main] DEBUG com.baomidou.mybatisplus.core.MybatisConfiguration - addMappedStatement: com.oo.dao.PaperQuestionDao.selectList
2023-06-21 17:10:43.056 [main] DEBUG com.baomidou.mybatisplus.core.MybatisConfiguration - addMappedStatement: com.oo.dao.PaperQuestionDao.selectPage
2023-06-21 17:10:43.056 [main] DEBUG c.b.m.e.spring.MybatisSqlSessionFactoryBean - Parsed mapper file: 'file [C:\Users\mango\Desktop\object-oriented\code\learning system\target\classes\mapper\PaperQuestionMapper.xml]'
2023-06-21 17:10:43.063 [main] DEBUG com.baomidou.mybatisplus.core.MybatisConfiguration - addMappedStatement: com.oo.dao.QuestionDao.insert
2023-06-21 17:10:43.064 [main] DEBUG com.baomidou.mybatisplus.core.MybatisConfiguration - addMappedStatement: com.oo.dao.QuestionDao.delete
2023-06-21 17:10:43.065 [main] DEBUG com.baomidou.mybatisplus.core.MybatisConfiguration - addMappedStatement: com.oo.dao.QuestionDao.deleteByMap
2023-06-21 17:10:43.066 [main] DEBUG com.baomidou.mybatisplus.core.MybatisConfiguration - addMappedStatement: com.oo.dao.QuestionDao.deleteById
2023-06-21 17:10:43.067 [main] DEBUG com.baomidou.mybatisplus.core.MybatisConfiguration - addMappedStatement: com.oo.dao.QuestionDao.deleteBatchIds
2023-06-21 17:10:43.068 [main] DEBUG com.baomidou.mybatisplus.core.MybatisConfiguration - addMappedStatement: com.oo.dao.QuestionDao.update
2023-06-21 17:10:43.069 [main] DEBUG com.baomidou.mybatisplus.core.MybatisConfiguration - addMappedStatement: com.oo.dao.QuestionDao.updateById
2023-06-21 17:10:43.069 [main] DEBUG com.baomidou.mybatisplus.core.MybatisConfiguration - addMappedStatement: com.oo.dao.QuestionDao.selectById
2023-06-21 17:10:43.070 [main] DEBUG com.baomidou.mybatisplus.core.MybatisConfiguration - addMappedStatement: com.oo.dao.QuestionDao.selectBatchIds
2023-06-21 17:10:43.071 [main] DEBUG com.baomidou.mybatisplus.core.MybatisConfiguration - addMappedStatement: com.oo.dao.QuestionDao.selectByMap
2023-06-21 17:10:43.072 [main] DEBUG com.baomidou.mybatisplus.core.MybatisConfiguration - addMappedStatement: com.oo.dao.QuestionDao.selectOne
2023-06-21 17:10:43.073 [main] DEBUG com.baomidou.mybatisplus.core.MybatisConfiguration - addMappedStatement: com.oo.dao.QuestionDao.selectCount
2023-06-21 17:10:43.074 [main] DEBUG com.baomidou.mybatisplus.core.MybatisConfiguration - addMappedStatement: com.oo.dao.QuestionDao.selectMaps
2023-06-21 17:10:43.075 [main] DEBUG com.baomidou.mybatisplus.core.MybatisConfiguration - addMappedStatement: com.oo.dao.QuestionDao.selectMapsPage
2023-06-21 17:10:43.077 [main] DEBUG com.baomidou.mybatisplus.core.MybatisConfiguration - addMappedStatement: com.oo.dao.QuestionDao.selectObjs
2023-06-21 17:10:43.078 [main] DEBUG com.baomidou.mybatisplus.core.MybatisConfiguration - addMappedStatement: com.oo.dao.QuestionDao.selectList
2023-06-21 17:10:43.079 [main] DEBUG com.baomidou.mybatisplus.core.MybatisConfiguration - addMappedStatement: com.oo.dao.QuestionDao.selectPage
2023-06-21 17:10:43.079 [main] DEBUG c.b.m.e.spring.MybatisSqlSessionFactoryBean - Parsed mapper file: 'file [C:\Users\mango\Desktop\object-oriented\code\learning system\target\classes\mapper\QuestionMapper.xml]'
2023-06-21 17:10:43.084 [main] DEBUG com.baomidou.mybatisplus.core.MybatisConfiguration - addMappedStatement: com.oo.dao.QuestionPropertyDao.selectPageVo
2023-06-21 17:10:43.086 [main] DEBUG com.baomidou.mybatisplus.core.MybatisConfiguration - addMappedStatement: com.oo.dao.QuestionPropertyDao.searchPageVo
2023-06-21 17:10:43.092 [main] DEBUG com.baomidou.mybatisplus.core.MybatisConfiguration - addMappedStatement: com.oo.dao.QuestionPropertyDao.insert
2023-06-21 17:10:43.093 [main] DEBUG com.baomidou.mybatisplus.core.MybatisConfiguration - addMappedStatement: com.oo.dao.QuestionPropertyDao.delete
2023-06-21 17:10:43.094 [main] DEBUG com.baomidou.mybatisplus.core.MybatisConfiguration - addMappedStatement: com.oo.dao.QuestionPropertyDao.deleteByMap
2023-06-21 17:10:43.095 [main] DEBUG com.baomidou.mybatisplus.core.MybatisConfiguration - addMappedStatement: com.oo.dao.QuestionPropertyDao.deleteById
2023-06-21 17:10:43.096 [main] DEBUG com.baomidou.mybatisplus.core.MybatisConfiguration - addMappedStatement: com.oo.dao.QuestionPropertyDao.deleteBatchIds
2023-06-21 17:10:43.097 [main] DEBUG com.baomidou.mybatisplus.core.MybatisConfiguration - addMappedStatement: com.oo.dao.QuestionPropertyDao.update
2023-06-21 17:10:43.098 [main] DEBUG com.baomidou.mybatisplus.core.MybatisConfiguration - addMappedStatement: com.oo.dao.QuestionPropertyDao.updateById
2023-06-21 17:10:43.098 [main] DEBUG com.baomidou.mybatisplus.core.MybatisConfiguration - addMappedStatement: com.oo.dao.QuestionPropertyDao.selectById
2023-06-21 17:10:43.100 [main] DEBUG com.baomidou.mybatisplus.core.MybatisConfiguration - addMappedStatement: com.oo.dao.QuestionPropertyDao.selectBatchIds
2023-06-21 17:10:43.101 [main] DEBUG com.baomidou.mybatisplus.core.MybatisConfiguration - addMappedStatement: com.oo.dao.QuestionPropertyDao.selectByMap
2023-06-21 17:10:43.102 [main] DEBUG com.baomidou.mybatisplus.core.MybatisConfiguration - addMappedStatement: com.oo.dao.QuestionPropertyDao.selectOne
2023-06-21 17:10:43.103 [main] DEBUG com.baomidou.mybatisplus.core.MybatisConfiguration - addMappedStatement: com.oo.dao.QuestionPropertyDao.selectCount
2023-06-21 17:10:43.105 [main] DEBUG com.baomidou.mybatisplus.core.MybatisConfiguration - addMappedStatement: com.oo.dao.QuestionPropertyDao.selectMaps
2023-06-21 17:10:43.106 [main] DEBUG com.baomidou.mybatisplus.core.MybatisConfiguration - addMappedStatement: com.oo.dao.QuestionPropertyDao.selectMapsPage
2023-06-21 17:10:43.107 [main] DEBUG com.baomidou.mybatisplus.core.MybatisConfiguration - addMappedStatement: com.oo.dao.QuestionPropertyDao.selectObjs
2023-06-21 17:10:43.108 [main] DEBUG com.baomidou.mybatisplus.core.MybatisConfiguration - addMappedStatement: com.oo.dao.QuestionPropertyDao.selectList
2023-06-21 17:10:43.109 [main] DEBUG com.baomidou.mybatisplus.core.MybatisConfiguration - addMappedStatement: com.oo.dao.QuestionPropertyDao.selectPage
2023-06-21 17:10:43.109 [main] DEBUG c.b.m.e.spring.MybatisSqlSessionFactoryBean - Parsed mapper file: 'file [C:\Users\mango\Desktop\object-oriented\code\learning system\target\classes\mapper\QuestionPropertyMapper.xml]'
2023-06-21 17:10:43.117 [main] DEBUG com.baomidou.mybatisplus.core.MybatisConfiguration - addMappedStatement: com.oo.dao.StudentDao.insert
2023-06-21 17:10:43.118 [main] DEBUG com.baomidou.mybatisplus.core.MybatisConfiguration - addMappedStatement: com.oo.dao.StudentDao.delete
2023-06-21 17:10:43.119 [main] DEBUG com.baomidou.mybatisplus.core.MybatisConfiguration - addMappedStatement: com.oo.dao.StudentDao.deleteByMap
2023-06-21 17:10:43.120 [main] DEBUG com.baomidou.mybatisplus.core.MybatisConfiguration - addMappedStatement: com.oo.dao.StudentDao.deleteById
2023-06-21 17:10:43.121 [main] DEBUG com.baomidou.mybatisplus.core.MybatisConfiguration - addMappedStatement: com.oo.dao.StudentDao.deleteBatchIds
2023-06-21 17:10:43.122 [main] DEBUG com.baomidou.mybatisplus.core.MybatisConfiguration - addMappedStatement: com.oo.dao.StudentDao.update
2023-06-21 17:10:43.123 [main] DEBUG com.baomidou.mybatisplus.core.MybatisConfiguration - addMappedStatement: com.oo.dao.StudentDao.updateById
2023-06-21 17:10:43.123 [main] DEBUG com.baomidou.mybatisplus.core.MybatisConfiguration - addMappedStatement: com.oo.dao.StudentDao.selectById
2023-06-21 17:10:43.124 [main] DEBUG com.baomidou.mybatisplus.core.MybatisConfiguration - addMappedStatement: com.oo.dao.StudentDao.selectBatchIds
2023-06-21 17:10:43.125 [main] DEBUG com.baomidou.mybatisplus.core.MybatisConfiguration - addMappedStatement: com.oo.dao.StudentDao.selectByMap
2023-06-21 17:10:43.127 [main] DEBUG com.baomidou.mybatisplus.core.MybatisConfiguration - addMappedStatement: com.oo.dao.StudentDao.selectOne
2023-06-21 17:10:43.128 [main] DEBUG com.baomidou.mybatisplus.core.MybatisConfiguration - addMappedStatement: com.oo.dao.StudentDao.selectCount
2023-06-21 17:10:43.129 [main] DEBUG com.baomidou.mybatisplus.core.MybatisConfiguration - addMappedStatement: com.oo.dao.StudentDao.selectMaps
2023-06-21 17:10:43.130 [main] DEBUG com.baomidou.mybatisplus.core.MybatisConfiguration - addMappedStatement: com.oo.dao.StudentDao.selectMapsPage
2023-06-21 17:10:43.131 [main] DEBUG com.baomidou.mybatisplus.core.MybatisConfiguration - addMappedStatement: com.oo.dao.StudentDao.selectObjs
2023-06-21 17:10:43.133 [main] DEBUG com.baomidou.mybatisplus.core.MybatisConfiguration - addMappedStatement: com.oo.dao.StudentDao.selectList
2023-06-21 17:10:43.134 [main] DEBUG com.baomidou.mybatisplus.core.MybatisConfiguration - addMappedStatement: com.oo.dao.StudentDao.selectPage
2023-06-21 17:10:43.134 [main] DEBUG c.b.m.e.spring.MybatisSqlSessionFactoryBean - Parsed mapper file: 'file [C:\Users\mango\Desktop\object-oriented\code\learning system\target\classes\mapper\StudentMapper.xml]'
2023-06-21 17:10:43.140 [main] DEBUG com.baomidou.mybatisplus.core.MybatisConfiguration - addMappedStatement: com.oo.dao.StudentPaperDao.insert
2023-06-21 17:10:43.141 [main] DEBUG com.baomidou.mybatisplus.core.MybatisConfiguration - addMappedStatement: com.oo.dao.StudentPaperDao.delete
2023-06-21 17:10:43.142 [main] DEBUG com.baomidou.mybatisplus.core.MybatisConfiguration - addMappedStatement: com.oo.dao.StudentPaperDao.deleteByMap
2023-06-21 17:10:43.143 [main] DEBUG com.baomidou.mybatisplus.core.MybatisConfiguration - addMappedStatement: com.oo.dao.StudentPaperDao.deleteById
2023-06-21 17:10:43.144 [main] DEBUG com.baomidou.mybatisplus.core.MybatisConfiguration - addMappedStatement: com.oo.dao.StudentPaperDao.deleteBatchIds
2023-06-21 17:10:43.145 [main] DEBUG com.baomidou.mybatisplus.core.MybatisConfiguration - addMappedStatement: com.oo.dao.StudentPaperDao.update
2023-06-21 17:10:43.146 [main] DEBUG com.baomidou.mybatisplus.core.MybatisConfiguration - addMappedStatement: com.oo.dao.StudentPaperDao.updateById
2023-06-21 17:10:43.146 [main] DEBUG com.baomidou.mybatisplus.core.MybatisConfiguration - addMappedStatement: com.oo.dao.StudentPaperDao.selectById
2023-06-21 17:10:43.147 [main] DEBUG com.baomidou.mybatisplus.core.MybatisConfiguration - addMappedStatement: com.oo.dao.StudentPaperDao.selectBatchIds
2023-06-21 17:10:43.148 [main] DEBUG com.baomidou.mybatisplus.core.MybatisConfiguration - addMappedStatement: com.oo.dao.StudentPaperDao.selectByMap
2023-06-21 17:10:43.149 [main] DEBUG com.baomidou.mybatisplus.core.MybatisConfiguration - addMappedStatement: com.oo.dao.StudentPaperDao.selectOne
2023-06-21 17:10:43.151 [main] DEBUG com.baomidou.mybatisplus.core.MybatisConfiguration - addMappedStatement: com.oo.dao.StudentPaperDao.selectCount
2023-06-21 17:10:43.152 [main] DEBUG com.baomidou.mybatisplus.core.MybatisConfiguration - addMappedStatement: com.oo.dao.StudentPaperDao.selectMaps
2023-06-21 17:10:43.153 [main] DEBUG com.baomidou.mybatisplus.core.MybatisConfiguration - addMappedStatement: com.oo.dao.StudentPaperDao.selectMapsPage
2023-06-21 17:10:43.154 [main] DEBUG com.baomidou.mybatisplus.core.MybatisConfiguration - addMappedStatement: com.oo.dao.StudentPaperDao.selectObjs
2023-06-21 17:10:43.155 [main] DEBUG com.baomidou.mybatisplus.core.MybatisConfiguration - addMappedStatement: com.oo.dao.StudentPaperDao.selectList
2023-06-21 17:10:43.157 [main] DEBUG com.baomidou.mybatisplus.core.MybatisConfiguration - addMappedStatement: com.oo.dao.StudentPaperDao.selectPage
2023-06-21 17:10:43.157 [main] DEBUG c.b.m.e.spring.MybatisSqlSessionFactoryBean - Parsed mapper file: 'file [C:\Users\mango\Desktop\object-oriented\code\learning system\target\classes\mapper\StudentPaperMapper.xml]'
2023-06-21 17:10:43.164 [main] DEBUG com.baomidou.mybatisplus.core.MybatisConfiguration - addMappedStatement: com.oo.dao.TeacherDao.insert
2023-06-21 17:10:43.165 [main] DEBUG com.baomidou.mybatisplus.core.MybatisConfiguration - addMappedStatement: com.oo.dao.TeacherDao.delete
2023-06-21 17:10:43.166 [main] DEBUG com.baomidou.mybatisplus.core.MybatisConfiguration - addMappedStatement: com.oo.dao.TeacherDao.deleteByMap
2023-06-21 17:10:43.167 [main] DEBUG com.baomidou.mybatisplus.core.MybatisConfiguration - addMappedStatement: com.oo.dao.TeacherDao.deleteById
2023-06-21 17:10:43.168 [main] DEBUG com.baomidou.mybatisplus.core.MybatisConfiguration - addMappedStatement: com.oo.dao.TeacherDao.deleteBatchIds
2023-06-21 17:10:43.169 [main] DEBUG com.baomidou.mybatisplus.core.MybatisConfiguration - addMappedStatement: com.oo.dao.TeacherDao.update
2023-06-21 17:10:43.170 [main] DEBUG com.baomidou.mybatisplus.core.MybatisConfiguration - addMappedStatement: com.oo.dao.TeacherDao.updateById
2023-06-21 17:10:43.170 [main] DEBUG com.baomidou.mybatisplus.core.MybatisConfiguration - addMappedStatement: com.oo.dao.TeacherDao.selectById
2023-06-21 17:10:43.171 [main] DEBUG com.baomidou.mybatisplus.core.MybatisConfiguration - addMappedStatement: com.oo.dao.TeacherDao.selectBatchIds
2023-06-21 17:10:43.172 [main] DEBUG com.baomidou.mybatisplus.core.MybatisConfiguration - addMappedStatement: com.oo.dao.TeacherDao.selectByMap
2023-06-21 17:10:43.174 [main] DEBUG com.baomidou.mybatisplus.core.MybatisConfiguration - addMappedStatement: com.oo.dao.TeacherDao.selectOne
2023-06-21 17:10:43.175 [main] DEBUG com.baomidou.mybatisplus.core.MybatisConfiguration - addMappedStatement: com.oo.dao.TeacherDao.selectCount
2023-06-21 17:10:43.176 [main] DEBUG com.baomidou.mybatisplus.core.MybatisConfiguration - addMappedStatement: com.oo.dao.TeacherDao.selectMaps
2023-06-21 17:10:43.178 [main] DEBUG com.baomidou.mybatisplus.core.MybatisConfiguration - addMappedStatement: com.oo.dao.TeacherDao.selectMapsPage
2023-06-21 17:10:43.179 [main] DEBUG com.baomidou.mybatisplus.core.MybatisConfiguration - addMappedStatement: com.oo.dao.TeacherDao.selectObjs
2023-06-21 17:10:43.180 [main] DEBUG com.baomidou.mybatisplus.core.MybatisConfiguration - addMappedStatement: com.oo.dao.TeacherDao.selectList
2023-06-21 17:10:43.181 [main] DEBUG com.baomidou.mybatisplus.core.MybatisConfiguration - addMappedStatement: com.oo.dao.TeacherDao.selectPage
2023-06-21 17:10:43.182 [main] DEBUG c.b.m.e.spring.MybatisSqlSessionFactoryBean - Parsed mapper file: 'file [C:\Users\mango\Desktop\object-oriented\code\learning system\target\classes\mapper\TeacherMapper.xml]'
2023-06-21 17:10:47.690 [main] DEBUG com.baomidou.mybatisplus.core.MybatisConfiguration - addMappedStatement: com.oo.dao.AdminDao.insert
2023-06-21 17:10:47.692 [main] DEBUG com.baomidou.mybatisplus.core.MybatisConfiguration - addMappedStatement: com.oo.dao.AdminDao.delete
2023-06-21 17:10:47.693 [main] DEBUG com.baomidou.mybatisplus.core.MybatisConfiguration - addMappedStatement: com.oo.dao.AdminDao.deleteByMap
2023-06-21 17:10:47.693 [main] DEBUG com.baomidou.mybatisplus.core.MybatisConfiguration - addMappedStatement: com.oo.dao.AdminDao.deleteById
2023-06-21 17:10:47.694 [main] DEBUG com.baomidou.mybatisplus.core.MybatisConfiguration - addMappedStatement: com.oo.dao.AdminDao.deleteBatchIds
2023-06-21 17:10:47.698 [main] DEBUG com.baomidou.mybatisplus.core.MybatisConfiguration - addMappedStatement: com.oo.dao.AdminDao.update
2023-06-21 17:10:47.698 [main] DEBUG com.baomidou.mybatisplus.core.MybatisConfiguration - addMappedStatement: com.oo.dao.AdminDao.updateById
2023-06-21 17:10:47.698 [main] DEBUG com.baomidou.mybatisplus.core.MybatisConfiguration - addMappedStatement: com.oo.dao.AdminDao.selectById
2023-06-21 17:10:47.699 [main] DEBUG com.baomidou.mybatisplus.core.MybatisConfiguration - addMappedStatement: com.oo.dao.AdminDao.selectBatchIds
2023-06-21 17:10:47.700 [main] DEBUG com.baomidou.mybatisplus.core.MybatisConfiguration - addMappedStatement: com.oo.dao.AdminDao.selectByMap
2023-06-21 17:10:47.701 [main] DEBUG com.baomidou.mybatisplus.core.MybatisConfiguration - addMappedStatement: com.oo.dao.AdminDao.selectOne
2023-06-21 17:10:47.701 [main] DEBUG com.baomidou.mybatisplus.core.MybatisConfiguration - addMappedStatement: com.oo.dao.AdminDao.selectCount
2023-06-21 17:10:47.702 [main] DEBUG com.baomidou.mybatisplus.core.MybatisConfiguration - addMappedStatement: com.oo.dao.AdminDao.selectMaps
2023-06-21 17:10:47.703 [main] DEBUG com.baomidou.mybatisplus.core.MybatisConfiguration - addMappedStatement: com.oo.dao.AdminDao.selectMapsPage
2023-06-21 17:10:47.703 [main] DEBUG com.baomidou.mybatisplus.core.MybatisConfiguration - addMappedStatement: com.oo.dao.AdminDao.selectObjs
2023-06-21 17:10:47.704 [main] DEBUG com.baomidou.mybatisplus.core.MybatisConfiguration - addMappedStatement: com.oo.dao.AdminDao.selectList
2023-06-21 17:10:47.705 [main] DEBUG com.baomidou.mybatisplus.core.MybatisConfiguration - addMappedStatement: com.oo.dao.AdminDao.selectPage
2023-06-21 17:10:48.024 [main] DEBUG c.b.m.autoconfigure.MybatisPlusAutoConfiguration - Not found configuration for registering mapper bean using @MapperScan, MapperFactoryBean and MapperScannerConfigurer.
