2023-05-28 10:50:33.159 [main] WARN  c.b.mybatisplus.core.metadata.TableInfoHelper - Can not find table primary key in Class: "com.oo.domain.PaperAnswer".
2023-05-28 10:50:33.252 [main] WARN  c.b.mybatisplus.core.metadata.TableInfoHelper - Can not find table primary key in Class: "com.oo.domain.Paper".
2023-05-28 10:50:33.284 [main] WARN  c.b.mybatisplus.core.metadata.TableInfoHelper - Can not find table primary key in Class: "com.oo.domain.PaperQuestion".
2023-05-28 10:50:33.312 [main] WARN  c.b.mybatisplus.core.metadata.TableInfoHelper - Can not find table primary key in Class: "com.oo.domain.Question".
2023-05-28 10:50:33.373 [main] WARN  c.b.mybatisplus.core.metadata.TableInfoHelper - Can not find table primary key in Class: "com.oo.domain.StudentPaper".
2023-05-28 10:51:21.508 [http-nio-9090-exec-2] WARN  o.s.w.s.m.support.DefaultHandlerExceptionResolver - Resolved [org.springframework.web.multipart.support.MissingServletRequestPartException: Required request part 'file' is not present]
2023-05-28 10:52:50.202 [main] WARN  c.b.mybatisplus.core.metadata.TableInfoHelper - Can not find table primary key in Class: "com.oo.domain.PaperAnswer".
2023-05-28 10:52:50.287 [main] WARN  c.b.mybatisplus.core.metadata.TableInfoHelper - Can not find table primary key in Class: "com.oo.domain.Paper".
2023-05-28 10:52:50.318 [main] WARN  c.b.mybatisplus.core.metadata.TableInfoHelper - Can not find table primary key in Class: "com.oo.domain.PaperQuestion".
2023-05-28 10:52:50.344 [main] WARN  c.b.mybatisplus.core.metadata.TableInfoHelper - Can not find table primary key in Class: "com.oo.domain.Question".
2023-05-28 10:52:50.396 [main] WARN  c.b.mybatisplus.core.metadata.TableInfoHelper - Can not find table primary key in Class: "com.oo.domain.StudentPaper".
2023-05-28 10:53:09.151 [http-nio-9090-exec-2] WARN  o.s.w.s.m.support.DefaultHandlerExceptionResolver - Resolved [org.springframework.web.multipart.support.MissingServletRequestPartException: Required request part 'file' is not present]
2023-05-28 10:54:28.612 [main] WARN  c.b.mybatisplus.core.metadata.TableInfoHelper - Can not find table primary key in Class: "com.oo.domain.PaperAnswer".
2023-05-28 10:54:28.697 [main] WARN  c.b.mybatisplus.core.metadata.TableInfoHelper - Can not find table primary key in Class: "com.oo.domain.Paper".
2023-05-28 10:54:28.732 [main] WARN  c.b.mybatisplus.core.metadata.TableInfoHelper - Can not find table primary key in Class: "com.oo.domain.PaperQuestion".
2023-05-28 10:54:28.760 [main] WARN  c.b.mybatisplus.core.metadata.TableInfoHelper - Can not find table primary key in Class: "com.oo.domain.Question".
2023-05-28 10:54:28.819 [main] WARN  c.b.mybatisplus.core.metadata.TableInfoHelper - Can not find table primary key in Class: "com.oo.domain.StudentPaper".
2023-05-28 10:54:36.875 [http-nio-9090-exec-2] WARN  o.s.w.s.m.support.DefaultHandlerExceptionResolver - Resolved [org.springframework.web.multipart.support.MissingServletRequestPartException: Required request part 'file11' is not present]
2023-05-28 10:57:48.379 [main] WARN  c.b.mybatisplus.core.metadata.TableInfoHelper - Can not find table primary key in Class: "com.oo.domain.PaperAnswer".
2023-05-28 10:57:48.463 [main] WARN  c.b.mybatisplus.core.metadata.TableInfoHelper - Can not find table primary key in Class: "com.oo.domain.Paper".
2023-05-28 10:57:48.495 [main] WARN  c.b.mybatisplus.core.metadata.TableInfoHelper - Can not find table primary key in Class: "com.oo.domain.PaperQuestion".
2023-05-28 10:57:48.521 [main] WARN  c.b.mybatisplus.core.metadata.TableInfoHelper - Can not find table primary key in Class: "com.oo.domain.Question".
2023-05-28 10:57:48.583 [main] WARN  c.b.mybatisplus.core.metadata.TableInfoHelper - Can not find table primary key in Class: "com.oo.domain.StudentPaper".
2023-05-28 10:58:56.436 [main] WARN  c.b.mybatisplus.core.metadata.TableInfoHelper - Can not find table primary key in Class: "com.oo.domain.PaperAnswer".
2023-05-28 10:58:56.518 [main] WARN  c.b.mybatisplus.core.metadata.TableInfoHelper - Can not find table primary key in Class: "com.oo.domain.Paper".
2023-05-28 10:58:56.546 [main] WARN  c.b.mybatisplus.core.metadata.TableInfoHelper - Can not find table primary key in Class: "com.oo.domain.PaperQuestion".
2023-05-28 10:58:56.573 [main] WARN  c.b.mybatisplus.core.metadata.TableInfoHelper - Can not find table primary key in Class: "com.oo.domain.Question".
2023-05-28 10:58:56.625 [main] WARN  c.b.mybatisplus.core.metadata.TableInfoHelper - Can not find table primary key in Class: "com.oo.domain.StudentPaper".
2023-05-28 10:59:23.337 [http-nio-9090-exec-3] WARN  o.s.w.s.m.support.DefaultHandlerExceptionResolver - Resolved [org.springframework.web.multipart.support.MissingServletRequestPartException: Required request part 'file' is not present]
2023-05-28 10:59:30.402 [http-nio-9090-exec-5] WARN  o.s.w.s.m.support.DefaultHandlerExceptionResolver - Resolved [org.springframework.web.multipart.support.MissingServletRequestPartException: Required request part 'file' is not present]
2023-05-28 11:02:59.400 [main] WARN  c.b.mybatisplus.core.metadata.TableInfoHelper - Can not find table primary key in Class: "com.oo.domain.PaperAnswer".
2023-05-28 11:02:59.506 [main] WARN  c.b.mybatisplus.core.metadata.TableInfoHelper - Can not find table primary key in Class: "com.oo.domain.Paper".
2023-05-28 11:02:59.546 [main] WARN  c.b.mybatisplus.core.metadata.TableInfoHelper - Can not find table primary key in Class: "com.oo.domain.PaperQuestion".
2023-05-28 11:02:59.575 [main] WARN  c.b.mybatisplus.core.metadata.TableInfoHelper - Can not find table primary key in Class: "com.oo.domain.Question".
2023-05-28 11:02:59.643 [main] WARN  c.b.mybatisplus.core.metadata.TableInfoHelper - Can not find table primary key in Class: "com.oo.domain.StudentPaper".
2023-05-28 11:03:55.026 [main] WARN  c.b.mybatisplus.core.metadata.TableInfoHelper - Can not find table primary key in Class: "com.oo.domain.PaperAnswer".
2023-05-28 11:03:55.102 [main] WARN  c.b.mybatisplus.core.metadata.TableInfoHelper - Can not find table primary key in Class: "com.oo.domain.Paper".
2023-05-28 11:03:55.130 [main] WARN  c.b.mybatisplus.core.metadata.TableInfoHelper - Can not find table primary key in Class: "com.oo.domain.PaperQuestion".
2023-05-28 11:03:55.154 [main] WARN  c.b.mybatisplus.core.metadata.TableInfoHelper - Can not find table primary key in Class: "com.oo.domain.Question".
2023-05-28 11:03:55.204 [main] WARN  c.b.mybatisplus.core.metadata.TableInfoHelper - Can not find table primary key in Class: "com.oo.domain.StudentPaper".
2023-05-28 11:07:22.477 [main] WARN  c.b.mybatisplus.core.metadata.TableInfoHelper - Can not find table primary key in Class: "com.oo.domain.PaperAnswer".
2023-05-28 11:07:22.626 [main] WARN  c.b.mybatisplus.core.metadata.TableInfoHelper - Can not find table primary key in Class: "com.oo.domain.Paper".
2023-05-28 11:07:22.674 [main] WARN  c.b.mybatisplus.core.metadata.TableInfoHelper - Can not find table primary key in Class: "com.oo.domain.PaperQuestion".
2023-05-28 11:07:22.716 [main] WARN  c.b.mybatisplus.core.metadata.TableInfoHelper - Can not find table primary key in Class: "com.oo.domain.Question".
2023-05-28 11:07:22.795 [main] WARN  c.b.mybatisplus.core.metadata.TableInfoHelper - Can not find table primary key in Class: "com.oo.domain.StudentPaper".
2023-05-28 11:09:08.492 [main] WARN  c.b.mybatisplus.core.metadata.TableInfoHelper - Can not find table primary key in Class: "com.oo.domain.PaperAnswer".
2023-05-28 11:09:08.573 [main] WARN  c.b.mybatisplus.core.metadata.TableInfoHelper - Can not find table primary key in Class: "com.oo.domain.Paper".
2023-05-28 11:09:08.602 [main] WARN  c.b.mybatisplus.core.metadata.TableInfoHelper - Can not find table primary key in Class: "com.oo.domain.PaperQuestion".
2023-05-28 11:09:08.626 [main] WARN  c.b.mybatisplus.core.metadata.TableInfoHelper - Can not find table primary key in Class: "com.oo.domain.Question".
2023-05-28 11:09:08.681 [main] WARN  c.b.mybatisplus.core.metadata.TableInfoHelper - Can not find table primary key in Class: "com.oo.domain.StudentPaper".
2023-05-28 11:14:02.020 [main] WARN  c.b.mybatisplus.core.metadata.TableInfoHelper - Can not find table primary key in Class: "com.oo.domain.PaperAnswer".
2023-05-28 11:14:02.099 [main] WARN  c.b.mybatisplus.core.metadata.TableInfoHelper - Can not find table primary key in Class: "com.oo.domain.Paper".
2023-05-28 11:14:02.128 [main] WARN  c.b.mybatisplus.core.metadata.TableInfoHelper - Can not find table primary key in Class: "com.oo.domain.PaperQuestion".
2023-05-28 11:14:02.152 [main] WARN  c.b.mybatisplus.core.metadata.TableInfoHelper - Can not find table primary key in Class: "com.oo.domain.Question".
2023-05-28 11:14:02.203 [main] WARN  c.b.mybatisplus.core.metadata.TableInfoHelper - Can not find table primary key in Class: "com.oo.domain.StudentPaper".
2023-05-28 11:16:24.289 [main] WARN  c.b.mybatisplus.core.metadata.TableInfoHelper - Can not find table primary key in Class: "com.oo.domain.PaperAnswer".
2023-05-28 11:16:24.410 [main] WARN  c.b.mybatisplus.core.metadata.TableInfoHelper - Can not find table primary key in Class: "com.oo.domain.Paper".
2023-05-28 11:16:24.455 [main] WARN  c.b.mybatisplus.core.metadata.TableInfoHelper - Can not find table primary key in Class: "com.oo.domain.PaperQuestion".
2023-05-28 11:16:24.495 [main] WARN  c.b.mybatisplus.core.metadata.TableInfoHelper - Can not find table primary key in Class: "com.oo.domain.Question".
2023-05-28 11:16:24.570 [main] WARN  c.b.mybatisplus.core.metadata.TableInfoHelper - Can not find table primary key in Class: "com.oo.domain.StudentPaper".
2023-05-28 11:17:58.965 [main] WARN  c.b.mybatisplus.core.metadata.TableInfoHelper - Can not find table primary key in Class: "com.oo.domain.PaperAnswer".
2023-05-28 11:17:59.369 [main] WARN  c.b.mybatisplus.core.metadata.TableInfoHelper - Can not find table primary key in Class: "com.oo.domain.Paper".
2023-05-28 11:17:59.581 [main] WARN  c.b.mybatisplus.core.metadata.TableInfoHelper - Can not find table primary key in Class: "com.oo.domain.PaperQuestion".
2023-05-28 11:17:59.813 [main] WARN  c.b.mybatisplus.core.metadata.TableInfoHelper - Can not find table primary key in Class: "com.oo.domain.Question".
2023-05-28 11:18:00.299 [main] WARN  c.b.mybatisplus.core.metadata.TableInfoHelper - Can not find table primary key in Class: "com.oo.domain.StudentPaper".
2023-05-28 11:19:36.503 [main] WARN  c.b.mybatisplus.core.metadata.TableInfoHelper - Can not find table primary key in Class: "com.oo.domain.PaperAnswer".
2023-05-28 11:19:36.599 [main] WARN  c.b.mybatisplus.core.metadata.TableInfoHelper - Can not find table primary key in Class: "com.oo.domain.Paper".
2023-05-28 11:19:36.634 [main] WARN  c.b.mybatisplus.core.metadata.TableInfoHelper - Can not find table primary key in Class: "com.oo.domain.PaperQuestion".
2023-05-28 11:19:36.663 [main] WARN  c.b.mybatisplus.core.metadata.TableInfoHelper - Can not find table primary key in Class: "com.oo.domain.Question".
2023-05-28 11:19:36.725 [main] WARN  c.b.mybatisplus.core.metadata.TableInfoHelper - Can not find table primary key in Class: "com.oo.domain.StudentPaper".
2023-05-28 11:23:47.606 [main] WARN  c.b.mybatisplus.core.metadata.TableInfoHelper - Can not find table primary key in Class: "com.oo.domain.PaperAnswer".
2023-05-28 11:23:47.770 [main] WARN  c.b.mybatisplus.core.metadata.TableInfoHelper - Can not find table primary key in Class: "com.oo.domain.Paper".
2023-05-28 11:23:47.831 [main] WARN  c.b.mybatisplus.core.metadata.TableInfoHelper - Can not find table primary key in Class: "com.oo.domain.PaperQuestion".
2023-05-28 11:23:47.889 [main] WARN  c.b.mybatisplus.core.metadata.TableInfoHelper - Can not find table primary key in Class: "com.oo.domain.Question".
2023-05-28 11:23:47.974 [main] WARN  c.b.mybatisplus.core.metadata.TableInfoHelper - Can not find table primary key in Class: "com.oo.domain.StudentPaper".
2023-05-28 11:24:32.120 [main] WARN  c.b.mybatisplus.core.metadata.TableInfoHelper - Can not find table primary key in Class: "com.oo.domain.PaperAnswer".
2023-05-28 11:24:32.216 [main] WARN  c.b.mybatisplus.core.metadata.TableInfoHelper - Can not find table primary key in Class: "com.oo.domain.Paper".
2023-05-28 11:24:32.248 [main] WARN  c.b.mybatisplus.core.metadata.TableInfoHelper - Can not find table primary key in Class: "com.oo.domain.PaperQuestion".
2023-05-28 11:24:32.276 [main] WARN  c.b.mybatisplus.core.metadata.TableInfoHelper - Can not find table primary key in Class: "com.oo.domain.Question".
2023-05-28 11:24:32.336 [main] WARN  c.b.mybatisplus.core.metadata.TableInfoHelper - Can not find table primary key in Class: "com.oo.domain.StudentPaper".
2023-05-28 11:26:32.465 [main] WARN  c.b.mybatisplus.core.metadata.TableInfoHelper - Can not find table primary key in Class: "com.oo.domain.PaperAnswer".
2023-05-28 11:26:32.560 [main] WARN  c.b.mybatisplus.core.metadata.TableInfoHelper - Can not find table primary key in Class: "com.oo.domain.Paper".
2023-05-28 11:26:32.592 [main] WARN  c.b.mybatisplus.core.metadata.TableInfoHelper - Can not find table primary key in Class: "com.oo.domain.PaperQuestion".
2023-05-28 11:26:32.622 [main] WARN  c.b.mybatisplus.core.metadata.TableInfoHelper - Can not find table primary key in Class: "com.oo.domain.Question".
2023-05-28 11:26:32.686 [main] WARN  c.b.mybatisplus.core.metadata.TableInfoHelper - Can not find table primary key in Class: "com.oo.domain.StudentPaper".
2023-05-28 11:28:58.269 [main] WARN  c.b.mybatisplus.core.metadata.TableInfoHelper - Can not find table primary key in Class: "com.oo.domain.PaperAnswer".
2023-05-28 11:28:58.364 [main] WARN  c.b.mybatisplus.core.metadata.TableInfoHelper - Can not find table primary key in Class: "com.oo.domain.Paper".
2023-05-28 11:28:58.404 [main] WARN  c.b.mybatisplus.core.metadata.TableInfoHelper - Can not find table primary key in Class: "com.oo.domain.PaperQuestion".
2023-05-28 11:28:58.430 [main] WARN  c.b.mybatisplus.core.metadata.TableInfoHelper - Can not find table primary key in Class: "com.oo.domain.Question".
2023-05-28 11:28:58.481 [main] WARN  c.b.mybatisplus.core.metadata.TableInfoHelper - Can not find table primary key in Class: "com.oo.domain.StudentPaper".
2023-05-28 11:30:02.901 [main] WARN  c.b.mybatisplus.core.metadata.TableInfoHelper - Can not find table primary key in Class: "com.oo.domain.PaperAnswer".
2023-05-28 11:30:02.997 [main] WARN  c.b.mybatisplus.core.metadata.TableInfoHelper - Can not find table primary key in Class: "com.oo.domain.Paper".
2023-05-28 11:30:03.032 [main] WARN  c.b.mybatisplus.core.metadata.TableInfoHelper - Can not find table primary key in Class: "com.oo.domain.PaperQuestion".
2023-05-28 11:30:03.059 [main] WARN  c.b.mybatisplus.core.metadata.TableInfoHelper - Can not find table primary key in Class: "com.oo.domain.Question".
2023-05-28 11:30:03.119 [main] WARN  c.b.mybatisplus.core.metadata.TableInfoHelper - Can not find table primary key in Class: "com.oo.domain.StudentPaper".
2023-05-28 11:31:19.210 [main] WARN  c.b.mybatisplus.core.metadata.TableInfoHelper - Can not find table primary key in Class: "com.oo.domain.PaperAnswer".
2023-05-28 11:31:19.305 [main] WARN  c.b.mybatisplus.core.metadata.TableInfoHelper - Can not find table primary key in Class: "com.oo.domain.Paper".
2023-05-28 11:31:19.338 [main] WARN  c.b.mybatisplus.core.metadata.TableInfoHelper - Can not find table primary key in Class: "com.oo.domain.PaperQuestion".
2023-05-28 11:31:19.366 [main] WARN  c.b.mybatisplus.core.metadata.TableInfoHelper - Can not find table primary key in Class: "com.oo.domain.Question".
2023-05-28 11:31:19.426 [main] WARN  c.b.mybatisplus.core.metadata.TableInfoHelper - Can not find table primary key in Class: "com.oo.domain.StudentPaper".
